2026-05-17 14:01:02 QuestOps Watchdog v0.1 - Run started
2026-05-17 14:01:02 Config: C:\DevProjects\questops-watchdog\.\config\servers.local.test.json
2026-05-17 14:01:02 = = = = = = = = = = = = = = = = = = = = = = = = = 
2026-05-17 14:01:02 SERVER Local Test Server
2026-05-17 14:01:02   PROCESS : Running
2026-05-17 14:01:02   LOG     : Fresh
2026-05-17 14:01:02   BACKUP  : Fresh
2026-05-17 14:01:03   DISK    : OK (free 552.7 GB)
2026-05-17 14:01:03 = = = = = = = = = = = = = = = = = = = = = = = = = 
2026-05-17 14:01:03 Summary: 1 server(s), 4 check(s), 0 alert(s) sent.
2026-05-17 14:01:03 QuestOps Watchdog v0.1 - Run finished
2026-05-17 14:01:51 QuestOps Watchdog v0.1 - Run started
2026-05-17 14:01:51 Config: C:\DevProjects\questops-watchdog\.\config\servers.local.test.json
2026-05-17 14:01:51 = = = = = = = = = = = = = = = = = = = = = = = = = 
2026-05-17 14:01:51 SERVER Local Test Server
2026-05-17 14:01:51   PROCESS : Running
2026-05-17 14:01:51   LOG     : Fresh
2026-05-17 14:01:51   BACKUP  : Fresh
2026-05-17 14:01:51   DISK    : OK (free 552.71 GB)
2026-05-17 14:01:51 = = = = = = = = = = = = = = = = = = = = = = = = = 
2026-05-17 14:01:51 Summary: 1 server(s), 4 check(s), 0 alert(s) sent.
2026-05-17 14:01:51 QuestOps Watchdog v0.1 - Run finished
